<?xml version="1.0" encoding="UTF-8"?>
<!-- Generated by org.testng.reporters.JUnitReportReporter -->
<testsuite hostname="sohely-lappy" failures="0" tests="1" name="test.AddCategoryTest" time="5.916" errors="0" timestamp="2023-04-03T16:30:00 CDT" skipped="0">
  <testcase classname="test.AddCategoryTest" name="addCategoryTest" time="5.916"/>
  <system-out/>
</testsuite> <!-- test.AddCategoryTest -->
