<?xml version="1.0" encoding="UTF-8"?>
<!-- Generated by org.testng.reporters.JUnitReportReporter -->
<testsuite hostname="sohely-lappy" failures="0" tests="1" name="test.DuplicateCategoryValueTest" time="6.799" errors="0" timestamp="2023-04-03T16:30:00 CDT" skipped="0">
  <testcase classname="test.DuplicateCategoryValueTest" name="duplicateCategoryValueTest" time="6.799"/>
  <system-out/>
</testsuite> <!-- test.DuplicateCategoryValueTest -->
