<?xml version="1.0" encoding="UTF-8"?>
<!-- Generated by org.testng.reporters.JUnitReportReporter -->
<testsuite hostname="sohely-lappy" failures="0" tests="1" name="testNG.AutomationPractical02" time="2.001" errors="0" timestamp="2023-03-30T22:13:15 CDT" skipped="0">
  <testcase classname="testNG.AutomationPractical02" name="dropDownTest" time="2.001"/>
  <system-out/>
</testsuite> <!-- testNG.AutomationPractical02 -->
