<?xml version="1.0" encoding="UTF-8"?>
<!-- Generated by org.testng.reporters.JUnitReportReporter -->
<testsuite hostname="sohely-lappy" failures="0" tests="1" name="test.DropdownTest" time="1.767" errors="0" timestamp="2023-04-03T16:30:00 CDT" skipped="0">
  <testcase classname="test.DropdownTest" name="dropDownTest" time="1.767"/>
  <system-out/>
</testsuite> <!-- test.DropdownTest -->
